c:\users\li hongyi\desktop\1\cg-projectv3.0\cg-project\cg-project\cg-project\x64\debug\vc142.pdb
c:\users\li hongyi\desktop\1\cg-projectv3.0\cg-project\cg-project\cg-project\x64\debug\vc142.idb
c:\users\li hongyi\desktop\1\cg-projectv3.0\cg-project\cg-project\cg-project\x64\debug\objload.obj
c:\users\li hongyi\desktop\1\cg-projectv3.0\cg-project\cg-project\cg-project\x64\debug\cg-project.obj
c:\users\li hongyi\desktop\1\cg-projectv3.0\cg-project\cg-project\cg-project\x64\debug\background.obj
c:\users\li hongyi\desktop\1\cg-projectv3.0\cg-project\cg-project\x64\debug\cg-project.exe
c:\users\li hongyi\desktop\1\cg-projectv3.0\cg-project\cg-project\x64\debug\cg-project.ilk
c:\users\li hongyi\desktop\1\cg-projectv3.0\cg-project\cg-project\x64\debug\cg-project.pdb
c:\users\buddy\documents\visual studio 2015\projects\cg-project v4\cg-project\cg-project\x64\debug\background.obj
c:\users\buddy\documents\visual studio 2015\projects\cg-project v4\cg-project\cg-project\x64\debug\cg-project.obj
c:\users\buddy\documents\visual studio 2015\projects\cg-project v4\cg-project\cg-project\x64\debug\objload.obj
c:\users\buddy\documents\visual studio 2015\projects\cg-project v4\cg-project\cg-project\x64\debug\vc142.idb
c:\users\buddy\documents\visual studio 2015\projects\cg-project v4\cg-project\cg-project\x64\debug\vc142.pdb
c:\users\buddy\documents\visual studio 2015\projects\cg-project v4\cg-project\x64\debug\cg-project.pdb
c:\users\buddy\documents\visual studio 2015\projects\cg-project v4\cg-project\x64\debug\cg-project.exe
c:\users\buddy\documents\visual studio 2015\projects\cg-project v4\cg-project\x64\debug\cg-project.ilk
c:\users\buddy\documents\visual studio 2015\projects\cg-project v4\cg-project\cg-project\x64\debug\cg-project.tlog\cl.command.1.tlog
c:\users\buddy\documents\visual studio 2015\projects\cg-project v4\cg-project\cg-project\x64\debug\cg-project.tlog\cl.read.1.tlog
c:\users\buddy\documents\visual studio 2015\projects\cg-project v4\cg-project\cg-project\x64\debug\cg-project.tlog\cl.write.1.tlog
c:\users\buddy\documents\visual studio 2015\projects\cg-project v4\cg-project\cg-project\x64\debug\cg-project.tlog\link.command.1.tlog
c:\users\buddy\documents\visual studio 2015\projects\cg-project v4\cg-project\cg-project\x64\debug\cg-project.tlog\link.read.1.tlog
c:\users\buddy\documents\visual studio 2015\projects\cg-project v4\cg-project\cg-project\x64\debug\cg-project.tlog\link.write.1.tlog
